<?xml version="1.0" encoding="UTF-8"?>
<testng-results ignored="0" total="1" passed="1" failed="0" skipped="0">
  <reporter-output>
  </reporter-output>
  <suite started-at="2024-06-21T15:39:17 IST" name="Default suite" finished-at="2024-06-21T15:39:19 IST" duration-ms="1928">
    <groups>
    </groups>
    <test started-at="2024-06-21T15:39:17 IST" name="Default test" finished-at="2024-06-21T15:39:19 IST" duration-ms="1928">
      <class name="com.Test.GoRestPutOperation">
        <test-method signature="putOperation()[pri:0, instance:com.Test.GoRestPutOperation@11bd0f3b]" started-at="2024-06-21T15:39:17 IST" name="putOperation" finished-at="2024-06-21T15:39:19 IST" duration-ms="1906" status="PASS">
          <reporter-output>
          </reporter-output>
        </test-method> <!-- putOperation -->
      </class> <!-- com.Test.GoRestPutOperation -->
    </test> <!-- Default test -->
  </suite> <!-- Default suite -->
</testng-results>
